0 info it worked if it ends with ok
1 verbose cli [ '/Users/moritanaoki/.nodebrew/node/v5.3.0/bin/node',
1 verbose cli   '/Users/moritanaoki/.nodebrew/current/bin/npm',
1 verbose cli   'run',
1 verbose cli   'tsc:w' ]
2 info using npm@3.3.12
3 info using node@v5.3.0
4 verbose run-script [ 'pretsc:w', 'tsc:w', 'posttsc:w' ]
5 info lifecycle react-my-first@1.0.0~pretsc:w: react-my-first@1.0.0
6 silly lifecycle react-my-first@1.0.0~pretsc:w: no script for pretsc:w, continuing
7 info lifecycle react-my-first@1.0.0~tsc:w: react-my-first@1.0.0
8 verbose lifecycle react-my-first@1.0.0~tsc:w: unsafe-perm in lifecycle true
9 verbose lifecycle react-my-first@1.0.0~tsc:w: PATH: /Users/moritanaoki/.nodebrew/node/v5.3.0/lib/node_modules/npm/bin/node-gyp-bin:/Users/moritanaoki/Desktop/js-study/react-hello-world/node_modules/.bin:/Users/moritanaoki/.nodebrew/node/v5.3.0/lib/node_modules/npm/bin/node-gyp-bin:/Users/moritanaoki/Desktop/js-study/react-hello-world/node_modules/.bin:/Users/moritanaoki/go/bin:/Users/moritanaoki/tools/bin:/Users/moritanaoki/.nodebrew/current/bin:/usr/local/heroku/bin:/Users/moritanaoki/.rbenv/shims:/usr/local/bin:/usr/bin:/bin:/usr/sbin:/sbin
10 verbose lifecycle react-my-first@1.0.0~tsc:w: CWD: /Users/moritanaoki/Desktop/js-study/react-hello-world
11 silly lifecycle react-my-first@1.0.0~tsc:w: Args: [ '-c', 'tsc -w' ]
12 silly lifecycle react-my-first@1.0.0~tsc:w: Returned: code: 1  signal: null
13 info lifecycle react-my-first@1.0.0~tsc:w: Failed to exec tsc:w script
14 verbose stack Error: react-my-first@1.0.0 tsc:w: `tsc -w`
14 verbose stack Exit status 1
14 verbose stack     at EventEmitter.<anonymous> (/Users/moritanaoki/.nodebrew/node/v5.3.0/lib/node_modules/npm/lib/utils/lifecycle.js:232:16)
14 verbose stack     at emitTwo (events.js:87:13)
14 verbose stack     at EventEmitter.emit (events.js:172:7)
14 verbose stack     at ChildProcess.<anonymous> (/Users/moritanaoki/.nodebrew/node/v5.3.0/lib/node_modules/npm/lib/utils/spawn.js:24:14)
14 verbose stack     at emitTwo (events.js:87:13)
14 verbose stack     at ChildProcess.emit (events.js:172:7)
14 verbose stack     at maybeClose (internal/child_process.js:818:16)
14 verbose stack     at Process.ChildProcess._handle.onexit (internal/child_process.js:211:5)
15 verbose pkgid react-my-first@1.0.0
16 verbose cwd /Users/moritanaoki/Desktop/js-study/react-hello-world
17 error Darwin 15.2.0
18 error argv "/Users/moritanaoki/.nodebrew/node/v5.3.0/bin/node" "/Users/moritanaoki/.nodebrew/current/bin/npm" "run" "tsc:w"
19 error node v5.3.0
20 error npm  v3.3.12
21 error code ELIFECYCLE
22 error react-my-first@1.0.0 tsc:w: `tsc -w`
22 error Exit status 1
23 error Failed at the react-my-first@1.0.0 tsc:w script 'tsc -w'.
23 error Make sure you have the latest version of node.js and npm installed.
23 error If you do, this is most likely a problem with the react-my-first package,
23 error not with npm itself.
23 error Tell the author that this fails on your system:
23 error     tsc -w
23 error You can get their info via:
23 error     npm owner ls react-my-first
23 error There is likely additional logging output above.
24 verbose exit [ 1, true ]
